[debug] [2023-10-25T23:22:16.750Z] ----------------------------------------------------------------------
[debug] [2023-10-25T23:22:16.756Z] Command:       C:\Program Files\nodejs\node.exe C:\Users\Ivan PC\AppData\Roaming\npm\node_modules\firebase-tools\lib\bin\firebase.js init
[debug] [2023-10-25T23:22:16.757Z] CLI Version:   12.7.0
[debug] [2023-10-25T23:22:16.757Z] Platform:      win32
[debug] [2023-10-25T23:22:16.757Z] Node Version:  v20.9.0
[debug] [2023-10-25T23:22:16.758Z] Time:          Wed Oct 25 2023 20:22:16 GMT-0300 (hora estándar de Argentina)
[debug] [2023-10-25T23:22:16.758Z] ----------------------------------------------------------------------
[debug] 
[debug] [2023-10-25T23:22:16.772Z] > command requires scopes: ["email","openid","https://www.googleapis.com/auth/cloudplatformprojects.readonly","https://www.googleapis.com/auth/firebase","https://www.googleapis.com/auth/cloud-platform"]
[debug] [2023-10-25T23:22:16.773Z] > authorizing via signed-in user (ivantorres2076@gmail.com)
[info] 
     ######## #### ########  ######## ########     ###     ######  ########
     ##        ##  ##     ## ##       ##     ##  ##   ##  ##       ##
     ######    ##  ########  ######   ########  #########  ######  ######
     ##        ##  ##    ##  ##       ##     ## ##     ##       ## ##
     ##       #### ##     ## ######## ########  ##     ##  ######  ########

You're about to initialize a Firebase project in this directory:

  C:\Users\Ivan PC\OneDrive\Escritorio\Programar\Python\proyectApi

[info] 
=== Project Setup
[info] 
[info] First, let's associate this project directory with a Firebase project.
[info] You can create multiple project aliases by running firebase use --add, 
[info] but for now we'll just set up a default project.
[info] 
[debug] [2023-10-25T23:23:27.794Z] >>> [apiv2][query] GET https://firebase.googleapis.com/v1beta1/projects pageSize=100
[debug] [2023-10-25T23:23:28.458Z] <<< [apiv2][status] GET https://firebase.googleapis.com/v1beta1/projects 200
[debug] [2023-10-25T23:23:28.459Z] <<< [apiv2][body] GET https://firebase.googleapis.com/v1beta1/projects [omitted]
[info] i  Using project apiprueba-1fafb (APIprueba) 
[info] 
=== Hosting Setup
[info] 
[info] Your public directory is the folder (relative to your project directory) that
[info] will contain Hosting assets to be uploaded with firebase deploy. If you
[info] have a build process for your assets, use your build's output directory.
[info] 
[info] +  Wrote Y/404.html 
[debug] [2023-10-25T23:24:47.628Z] >>> [apiv2][query] GET https://www.gstatic.com/firebasejs/releases.json [none]
[debug] [2023-10-25T23:24:48.530Z] <<< [apiv2][status] GET https://www.gstatic.com/firebasejs/releases.json 200
[debug] [2023-10-25T23:24:48.531Z] <<< [apiv2][body] GET https://www.gstatic.com/firebasejs/releases.json {"current":{"version":"10.5.0","browserURL":"https://www.gstatic.com/firebasejs/10.5.0/firebase.js","packageURL":"https://www.gstatic.com/firebasejs/10.5.0/firebase.tgz"},"live":{"version":"10.5","browserURL":"https://www.gstatic.com/firebasejs/live/10.5/firebase.js","packageURL":"https://www.gstatic.com/firebasejs/live/10.5/firebase.tgz"},"components":{"analytics":"https://www.gstatic.com/firebasejs/10.5.0/firebase-analytics.js","app":"https://www.gstatic.com/firebasejs/10.5.0/firebase-app.js","app-check":"https://www.gstatic.com/firebasejs/10.5.0/firebase-app-check.js","auth":"https://www.gstatic.com/firebasejs/10.5.0/firebase-auth.js","auth/cordova":"https://www.gstatic.com/firebasejs/10.5.0/firebase-auth/cordova.js","functions":"https://www.gstatic.com/firebasejs/10.5.0/firebase-functions.js","firestore":"https://www.gstatic.com/firebasejs/10.5.0/firebase-firestore.js","firestore/lite":"https://www.gstatic.com/firebasejs/10.5.0/firebase-firestore/lite.js","installations":"https://www.gstatic.com/firebasejs/10.5.0/firebase-installations.js","storage":"https://www.gstatic.com/firebasejs/10.5.0/firebase-storage.js","performance":"https://www.gstatic.com/firebasejs/10.5.0/firebase-performance.js","remote-config":"https://www.gstatic.com/firebasejs/10.5.0/firebase-remote-config.js","messaging":"https://www.gstatic.com/firebasejs/10.5.0/firebase-messaging.js","messaging/sw":"https://www.gstatic.com/firebasejs/10.5.0/firebase-messaging/sw.js","database":"https://www.gstatic.com/firebasejs/10.5.0/firebase-database.js","firestore.memory":"https://www.gstatic.com/firebasejs/10.5.0/firebase-firestore.memory.js"}}
[info] +  Wrote Y/index.html 
[info] 
[info] i  Didn't detect a .git folder. Assuming C:\Users\Ivan PC\OneDrive\Escritorio\Programar\Python\proyectApi is the project root. 
[info] i  Authorizing with GitHub to upload your service account to a GitHub repository's secrets store. 
[info] 
[info] Visit this URL on this device to log in:
[info] https://github.com/login/oauth/authorize?client_id=89cf50f02ac6aaed3484&state=725913126&redirect_uri=http%3A%2F%2Flocalhost%3A9005&scope=read%3Auser%20repo%20public_repo
[info] 
[info] Waiting for authentication...
[debug] [2023-10-25T23:24:56.065Z] >>> [apiv2][query] POST https://github.com/login/oauth/access_token [none]
[debug] [2023-10-25T23:24:56.066Z] >>> [apiv2][body] POST https://github.com/login/oauth/access_token [stream]
[debug] [2023-10-25T23:24:56.421Z] <<< [apiv2][status] POST https://github.com/login/oauth/access_token 200
[debug] [2023-10-25T23:24:56.422Z] <<< [apiv2][body] POST https://github.com/login/oauth/access_token {"access_token":"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","token_type":"bearer","scope":"read:user,repo"}
[debug] [2023-10-25T23:24:56.461Z] >>> [apiv2][query] GET https://api.github.com/user [none]
[debug] [2023-10-25T23:24:56.831Z] <<< [apiv2][status] GET https://api.github.com/user 200
[debug] [2023-10-25T23:24:56.831Z] <<< [apiv2][body] GET https://api.github.com/user {"login":"Ivan-Torres1","id":127049448,"node_id":"U_kgDOB5Ke6A","avatar_url":"https://avatars.githubusercontent.com/u/127049448?v=4","gravatar_id":"","url":"https://api.github.com/users/Ivan-Torres1","html_url":"https://github.com/Ivan-Torres1","followers_url":"https://api.github.com/users/Ivan-Torres1/followers","following_url":"https://api.github.com/users/Ivan-Torres1/following{/other_user}","gists_url":"https://api.github.com/users/Ivan-Torres1/gists{/gist_id}","starred_url":"https://api.github.com/users/Ivan-Torres1/starred{/owner}{/repo}","subscriptions_url":"https://api.github.com/users/Ivan-Torres1/subscriptions","organizations_url":"https://api.github.com/users/Ivan-Torres1/orgs","repos_url":"https://api.github.com/users/Ivan-Torres1/repos","events_url":"https://api.github.com/users/Ivan-Torres1/events{/privacy}","received_events_url":"https://api.github.com/users/Ivan-Torres1/received_events","type":"User","site_admin":false,"name":null,"company":null,"blog":"","location":null,"email":null,"hireable":null,"bio":null,"twitter_username":null,"public_repos":2,"public_gists":0,"followers":0,"following":0,"created_at":"2023-03-05T18:44:04Z","updated_at":"2023-03-14T23:22:29Z","private_gists":0,"total_private_repos":0,"owned_private_repos":0,"disk_usage":25,"collaborators":0,"two_factor_authentication":false,"plan":{"name":"free","space":976562499,"collaborators":0,"private_repos":10000}}
[info] 
[info] +  Success! Logged into GitHub as Ivan-Torres1 
[info] 
